f:\c++\cmp202\astarthreaded\x64\release\astarperformance.ipdb
f:\c++\cmp202\astarthreaded\x64\release\astarperformance.iobj
f:\c++\cmp202\astarthreaded\astarperformance\x64\release\vc142.pdb
f:\c++\cmp202\astarthreaded\astarperformance\x64\release\1000threadastar.obj
f:\c++\cmp202\astarthreaded\astarperformance\x64\release\1000search.obj
f:\c++\cmp202\astarthreaded\astarperformance\x64\release\pathfind test.obj
f:\c++\cmp202\astarthreaded\astarperformance\x64\release\1000threadonx.obj
f:\c++\cmp202\astarthreaded\astarperformance\x64\release\astarpathfindnothead4000rowfirst.obj
f:\c++\cmp202\astarthreaded\astarperformance\x64\release\astarpathfindnothead4000columnfirst.obj
f:\c++\cmp202\astarthreaded\astarperformance\x64\release\astarpathfindnothead1000rowfirst.obj
f:\c++\cmp202\astarthreaded\astarperformance\x64\release\astarpathfindnothead1000columnfirst.obj
f:\c++\cmp202\astarthreaded\astarperformance\x64\release\astarpathfindnothead7000columnfirst.obj
f:\c++\cmp202\astarthreaded\astarperformance\x64\release\astarpathfindnothead7000rowfirst.obj
f:\c++\cmp202\astarthreaded\astarperformance\x64\release\astarpathfindthead1000x16rowfirst.obj
f:\c++\cmp202\astarthreaded\astarperformance\x64\release\astarpathfindthead1000x32columnfirst.obj
f:\c++\cmp202\astarthreaded\astarperformance\x64\release\astarpathfindthead1000x32rowfirst.obj
f:\c++\cmp202\astarthreaded\astarperformance\x64\release\astarpathfindthead4000x8columnfirst.obj
f:\c++\cmp202\astarthreaded\astarperformance\x64\release\astarpathfindthead4000x8rowfirst.obj
f:\c++\cmp202\astarthreaded\astarperformance\x64\release\astarpathfindthead4000x16columnfirst.obj
f:\c++\cmp202\astarthreaded\astarperformance\x64\release\astarpathfindthead4000x16rowfirst.obj
f:\c++\cmp202\astarthreaded\astarperformance\x64\release\astarpathfindthead4000x32columnfirst.obj
f:\c++\cmp202\astarthreaded\astarperformance\x64\release\astarpathfindthead7000x8columnfirst.obj
f:\c++\cmp202\astarthreaded\astarperformance\x64\release\astarpathfindthead7000x8rowfirst.cpp.obj
f:\c++\cmp202\astarthreaded\astarperformance\x64\release\astarpathfindthead7000x16columnfirst.obj
f:\c++\cmp202\astarthreaded\astarperformance\x64\release\astarpathfindthead7000x16rowfirst.obj
f:\c++\cmp202\astarthreaded\astarperformance\x64\release\astarpathfindthead7000x32columnfirst.obj
f:\c++\cmp202\astarthreaded\astarperformance\x64\release\astarpathfindthead1000x8columnfirst.obj
f:\c++\cmp202\astarthreaded\astarperformance\x64\release\astarpathfindthead1000x16columnfirst.obj
f:\c++\cmp202\astarthreaded\astarperformance\x64\release\astarsubmission.obj
f:\c++\cmp202\astarthreaded\astarperformance\x64\release\astarpathfindthread2.obj
f:\c++\cmp202\astarthreaded\astarperformance\x64\release\testymctest.obj
f:\c++\cmp202\astarthreaded\astarperformance\x64\release\astarpathfindthead7000x32rowfirst.obj
f:\c++\cmp202\astarthreaded\astarperformance\x64\release\astarpathfindthead1000x8rowfirst.obj
f:\c++\cmp202\astarthreaded\x64\release\astarperformance.exe
f:\c++\cmp202\astarthreaded\x64\release\astarperformance.pdb
f:\c++\cmp202\astarthreaded\astarperformance\x64\release\testthreadcounter.obj
f:\c++\cmp202\astarthreaded\astarperformance\x64\release\astarperformance.tlog\astarperformance.write.1u.tlog
f:\c++\cmp202\astarthreaded\astarperformance\x64\release\astarperformance.tlog\cl.command.1.tlog
f:\c++\cmp202\astarthreaded\astarperformance\x64\release\astarperformance.tlog\cl.read.1.tlog
f:\c++\cmp202\astarthreaded\astarperformance\x64\release\astarperformance.tlog\cl.write.1.tlog
f:\c++\cmp202\astarthreaded\astarperformance\x64\release\astarperformance.tlog\link.command.1.tlog
f:\c++\cmp202\astarthreaded\astarperformance\x64\release\astarperformance.tlog\link.read.1.tlog
f:\c++\cmp202\astarthreaded\astarperformance\x64\release\astarperformance.tlog\link.write.1.tlog
